<?xml version="1.0" encoding="UTF-8"?>
<!-- Generated by org.testng.reporters.JUnitReportReporter -->
<testsuite hostname="DESKTOP-FJDSB4Q" failures="0" tests="4" name="testNGFramework.TestNGTestDefaultExecutionOrder" time="0.007" errors="0" timestamp="2021-11-26T19:20:12 IST" skipped="0">
  <testcase classname="testNGFramework.TestNGTestDefaultExecutionOrder" name="LogoutTest" time="0.002"/>
  <system-out/>
  <testcase classname="testNGFramework.TestNGTestDefaultExecutionOrder" name="UpdateAccountTest" time="0.002"/>
  <system-out/>
  <testcase classname="testNGFramework.TestNGTestDefaultExecutionOrder" name="CreateAccountTest" time="0.002"/>
  <system-out/>
  <testcase classname="testNGFramework.TestNGTestDefaultExecutionOrder" name="LoginTest" time="0.001"/>
  <system-out/>
</testsuite> <!-- testNGFramework.TestNGTestDefaultExecutionOrder -->
