<?xml version="1.0" encoding="UTF-8"?>
<!-- Generated by org.testng.reporters.JUnitReportReporter -->
<testsuite hostname="DESKTOP-FJDSB4Q" failures="0" tests="3" name="testNGFramework.GroupsInTestNG" time="0.003" errors="0" timestamp="2021-11-26T19:20:11 IST" skipped="0">
  <testcase classname="testNGFramework.GroupsInTestNG" name="register" time="0.001"/>
  <system-out/>
  <testcase classname="testNGFramework.GroupsInTestNG" name="createAccount" time="0.001"/>
  <system-out/>
  <testcase classname="testNGFramework.GroupsInTestNG" name="loginTest" time="0.001"/>
  <system-out/>
</testsuite> <!-- testNGFramework.GroupsInTestNG -->
