<?xml version="1.0" encoding="UTF-8"?>
<!-- Generated by org.testng.reporters.JUnitReportReporter -->
<testsuite hostname="DESKTOP-FJDSB4Q" failures="0" tests="4" name="testNGFramework.DDTestInTesrNG" time="0.016" errors="0" timestamp="2021-11-27T11:31:19 IST" skipped="0">
  <testcase classname="testNGFramework.DDTestInTesrNG" name="createtest" time="0.002"/>
  <system-out/>
  <testcase classname="testNGFramework.DDTestInTesrNG" name="createtest" time="0.007"/>
  <system-out/>
  <testcase classname="testNGFramework.DDTestInTesrNG" name="getdata" time="0.001"/>
  <system-out/>
  <testcase classname="testNGFramework.DDTestInTesrNG" name="getdata" time="0.006"/>
  <system-out/>
</testsuite> <!-- testNGFramework.DDTestInTesrNG -->
