<?xml version="1.0" encoding="UTF-8"?>
<!-- Generated by org.testng.reporters.JUnitReportReporter -->
<testsuite hostname="DESKTOP-FJDSB4Q" failures="0" tests="4" name="testNGFramework.DependsOnTestlnTestNG" time="0.007" errors="0" timestamp="2021-11-26T19:20:11 IST" skipped="0">
  <testcase classname="testNGFramework.DependsOnTestlnTestNG" name="upadateAccountTest" time="0.003"/>
  <system-out/>
  <testcase classname="testNGFramework.DependsOnTestlnTestNG" name="logoutTest" time="0.001"/>
  <system-out/>
  <testcase classname="testNGFramework.DependsOnTestlnTestNG" name="loginTest" time="0.001"/>
  <system-out/>
  <testcase classname="testNGFramework.DependsOnTestlnTestNG" name="createAccountTest" time="0.002"/>
  <system-out/>
</testsuite> <!-- testNGFramework.DependsOnTestlnTestNG -->
