<?xml version="1.0" encoding="UTF-8"?>
<!-- Generated by org.testng.reporters.JUnitReportReporter -->
<testsuite hostname="DESKTOP-FJDSB4Q" failures="0" tests="1" name="testNGFramework.ParameterTestInTestNG" time="0.001" errors="0" timestamp="2021-11-26T19:20:11 IST" skipped="0">
  <testcase classname="testNGFramework.ParameterTestInTestNG" name="logintest" time="0.001"/>
  <system-out/>
</testsuite> <!-- testNGFramework.ParameterTestInTestNG -->
