<?xml version="1.0" encoding="UTF-8"?>
<!-- Generated by org.testng.reporters.JUnitReportReporter -->
<testsuite hostname="DESKTOP-FJDSB4Q" failures="0" tests="1" name="testNGFramework.DemoTest" time="0.007" errors="0" timestamp="2021-11-26T19:20:11 IST" skipped="0">
  <testcase classname="testNGFramework.DemoTest" name="test" time="0.007"/>
  <system-out/>
</testsuite> <!-- testNGFramework.DemoTest -->
