<?xml version="1.0" encoding="UTF-8"?>
<!-- Generated by org.testng.reporters.JUnitReportReporter -->
<testsuite hostname="DESKTOP-FJDSB4Q" failures="0" tests="3" name="testNGFramework.DisabledTestInTestNg" time="0.006" errors="0" timestamp="2021-11-26T19:20:11 IST" skipped="1">
  <testcase classname="testNGFramework.DisabledTestInTestNg" name="test1" time="0.002"/>
  <system-out/>
  <testcase classname="testNGFramework.DisabledTestInTestNg" name="test3" time="0.004"/>
  <system-out/>
  <testcase classname="testNGFramework.DisabledTestInTestNg" name="test2">
    <skipped/>
  </testcase> <!-- test2 -->
  <system-out/>
</testsuite> <!-- testNGFramework.DisabledTestInTestNg -->
