<?xml version="1.0" encoding="UTF-8"?>
<!-- Generated by org.testng.reporters.JUnitReportReporter -->
<testsuite hostname="DESKTOP-FJDSB4Q" failures="0" tests="4" name="testNGFramework.ExecutionFailedTestInTestNG" time="0.014" errors="0" timestamp="2021-11-26T19:20:11 IST" skipped="0">
  <testcase classname="testNGFramework.ExecutionFailedTestInTestNG" name="test1" time="0.008"/>
  <system-out/>
  <testcase classname="testNGFramework.ExecutionFailedTestInTestNG" name="test3" time="0.003"/>
  <system-out/>
  <testcase classname="testNGFramework.ExecutionFailedTestInTestNG" name="test4" time="0.001"/>
  <system-out/>
  <testcase classname="testNGFramework.ExecutionFailedTestInTestNG" name="test2" time="0.002"/>
  <system-out/>
</testsuite> <!-- testNGFramework.ExecutionFailedTestInTestNG -->
