<?xml version="1.0" encoding="UTF-8"?>
<!-- Generated by org.testng.reporters.JUnitReportReporter -->
<testsuite hostname="DESKTOP-FJDSB4Q" failures="0" tests="4" name="testNGFramework.PriotiseTestInTestNG" time="0.005" errors="0" timestamp="2021-11-26T19:20:12 IST" skipped="0">
  <testcase classname="testNGFramework.PriotiseTestInTestNG" name="LoginTest" time="0.001"/>
  <system-out/>
  <testcase classname="testNGFramework.PriotiseTestInTestNG" name="CreateAccountTest" time="0.001"/>
  <system-out/>
  <testcase classname="testNGFramework.PriotiseTestInTestNG" name="UpdateAccountTest" time="0.002"/>
  <system-out/>
  <testcase classname="testNGFramework.PriotiseTestInTestNG" name="LogoutTest" time="0.001"/>
  <system-out/>
</testsuite> <!-- testNGFramework.PriotiseTestInTestNG -->
